-- The C compiler identification is GNU 9.4.0
-- The CXX compiler identification is GNU 9.4.0
-- Detecting C compiler ABI info
-- Detecting C compiler ABI info - done
-- Check for working C compiler: /usr/bin/cc - skipped
-- Detecting C compile features
-- Detecting C compile features - done
-- Detecting CXX compiler ABI info
-- Detecting CXX compiler ABI info - done
-- Check for working CXX compiler: /usr/bin/c++ - skipped
-- Detecting CXX compile features
-- Detecting CXX compile features - done
-- Found ament_cmake: 0.9.12 (/opt/ros/foxy/share/ament_cmake/cmake)
[33mCMake Warning (dev) at /opt/ros/foxy/share/ament_cmake_core/cmake/core/python.cmake:22 (find_package):
  Policy CMP0148 is not set: The FindPythonInterp and FindPythonLibs modules
  are removed.  Run "cmake --help-policy CMP0148" for policy details.  Use
  the cmake_policy command to set the policy and suppress this warning.

Call Stack (most recent call first):
  /opt/ros/foxy/share/ament_cmake_core/cmake/core/all.cmake:53 (include)
  /opt/ros/foxy/share/ament_cmake_core/cmake/ament_cmake_core-extras.cmake:17 (include)
  /opt/ros/foxy/share/ament_cmake_core/cmake/ament_cmake_coreConfig.cmake:41 (include)
  /opt/ros/foxy/share/ament_cmake/cmake/ament_cmake_export_dependencies-extras.cmake:15 (find_package)
  /opt/ros/foxy/share/ament_cmake/cmake/ament_cmakeConfig.cmake:41 (include)
  CMakeLists.txt:19 (find_package)
This warning is for project developers.  Use -Wno-dev to suppress it.
[0m
-- Found PythonInterp: /usr/bin/python3 (found suitable version "3.8.10", minimum required is "3")
-- Using PYTHON_EXECUTABLE: /usr/bin/python3
-- Found builtin_interfaces: 1.0.0 (/opt/ros/foxy/share/builtin_interfaces/cmake)
-- Using all available rosidl_typesupport_c: rosidl_typesupport_fastrtps_c;rosidl_typesupport_introspection_c
-- Found rosidl_adapter: 1.3.1 (/opt/ros/foxy/share/rosidl_adapter/cmake)
-- Found OpenSSL: /usr/lib/aarch64-linux-gnu/libcrypto.so (found version "1.1.1f")
-- Found FastRTPS: /opt/ros/foxy/include
-- Using all available rosidl_typesupport_cpp: rosidl_typesupport_fastrtps_cpp;rosidl_typesupport_introspection_cpp
-- Found eigen3_cmake_module: 0.1.1 (/opt/ros/foxy/share/eigen3_cmake_module/cmake)
-- Found Eigen3: TRUE (found version "3.3.7")
-- Found geometry_msgs: 2.0.5 (/opt/ros/foxy/share/geometry_msgs/cmake)
-- Found px4_msgs: 2.0.1 (/root/ros2_ws/src/install/px4_msgs/share/px4_msgs/cmake)
-- Found rclcpp: 2.4.3 (/opt/ros/foxy/share/rclcpp/cmake)
-- Found rmw_implementation_cmake: 1.0.4 (/opt/ros/foxy/share/rmw_implementation_cmake/cmake)
-- Using RMW implementation 'rmw_fastrtps_cpp' as default
-- Performing Test CMAKE_HAVE_LIBC_PTHREAD
-- Performing Test CMAKE_HAVE_LIBC_PTHREAD - Failed
-- Looking for pthread_create in pthreads
-- Looking for pthread_create in pthreads - not found
-- Looking for pthread_create in pthread
-- Looking for pthread_create in pthread - found
-- Found Threads: TRUE
-- Found sensor_msgs: 2.0.5 (/opt/ros/foxy/share/sensor_msgs/cmake)
-- Found rclpy: 1.0.13 (/opt/ros/foxy/share/rclpy/cmake)
-- Found ament_lint_auto: 0.9.8 (/opt/ros/foxy/share/ament_lint_auto/cmake)
-- Added test 'copyright' to check source files copyright and LICENSE
-- Added test 'cppcheck' to perform static code analysis on C / C++ code
-- Configured cppcheck include dirs: /root/ros2_ws/src/px4_ros_com/include;$<BUILD_INTERFACE:/root/ros2_ws/src/px4_ros_com/include/px4_ros_com>
-- Configured cppcheck exclude dirs and/or files: 
-- Added test 'cpplint' to check C / C++ code against the Google style
-- Configured cpplint exclude dirs and/or files: 
-- Added test 'flake8' to check Python code syntax and style conventions
-- Added test 'lint_cmake' to check CMake code style
-- Added test 'pep257' to check Python code against some of the style conventions in PEP 257
-- Added test 'uncrustify' to check C / C++ code style
-- Configured uncrustify additional arguments: 
-- Added test 'xmllint' to check XML markup files
-- Configuring done (8.8s)
-- Generating done (0.2s)
-- Build files have been written to: /root/ros2_ws/src/build/px4_ros_com
[  5%] [32mBuilding CXX object CMakeFiles/frame_transforms.dir/src/lib/frame_transforms.cpp.o[0m
[ 11%] [32mBuilding CXX object CMakeFiles/sensor_combined_listener.dir/src/examples/listeners/sensor_combined_listener.cpp.o[0m
[ 16%] [32mBuilding CXX object CMakeFiles/vehicle_gps_position_listener.dir/src/examples/listeners/vehicle_gps_position_listener.cpp.o[0m
[ 22%] [32mBuilding CXX object CMakeFiles/debug_vect_advertiser.dir/src/examples/advertisers/debug_vect_advertiser.cpp.o[0m
[ 27%] [32m[1mLinking CXX executable debug_vect_advertiser[0m
[ 27%] Built target debug_vect_advertiser
[ 33%] [32mBuilding CXX object CMakeFiles/autoencoder_input_data_advertiser.dir/src/examples/advertisers/autoencoder_input_data_advertiser.cpp.o[0m
[ 38%] [32m[1mLinking CXX executable sensor_combined_listener[0m
[ 44%] [32m[1mLinking CXX executable vehicle_gps_position_listener[0m
[ 44%] Built target sensor_combined_listener
[ 44%] Built target vehicle_gps_position_listener
[01m[K/root/ros2_ws/src/px4_ros_com/src/examples/advertisers/autoencoder_input_data_advertiser.cpp:[m[K In member function â€˜[01m[Kvoid AutoencoderInputDataAdvertiser::publish_data()[m[Kâ€™:
[01m[K/root/ros2_ws/src/px4_ros_com/src/examples/advertisers/autoencoder_input_data_advertiser.cpp:164:17:[m[K [01;35m[Kwarning: [m[Knarrowing conversion of â€˜[01m[K((AutoencoderInputDataAdvertiser*)this)->AutoencoderInputDataAdvertiser::timestamp_[m[Kâ€™ from â€˜[01m[Klong unsigned int[m[Kâ€™ to â€˜[01m[Kdouble[m[Kâ€™ [[01;35m[K-Wnarrowing[m[K]
  164 |                 [01;35m[Ktimestamp_[m[K, // timestamp
      |                 [01;35m[K^~~~~~~~~~[m[K
[01m[K/root/ros2_ws/src/px4_ros_com/src/examples/advertisers/autoencoder_input_data_advertiser.cpp:164:17:[m[K [01;35m[Kwarning: [m[Knarrowing conversion of â€˜[01m[K((AutoencoderInputDataAdvertiser*)this)->AutoencoderInputDataAdvertiser::timestamp_[m[Kâ€™ from â€˜[01m[Klong unsigned int[m[Kâ€™ to â€˜[01m[Kdouble[m[Kâ€™ [[01;35m[K-Wnarrowing[m[K]
[ 50%] [32mBuilding CXX object CMakeFiles/autoencoder_output_data_advertiser.dir/src/examples/advertisers/autoencoder_output_data_advertiser.cpp.o[0m
[ 55%] [32mBuilding CXX object CMakeFiles/failuire_detector.dir/src/examples/advertisers/failure_detector.cpp.o[0m
[ 61%] [32m[1mLinking CXX shared library libframe_transforms.so[0m
[ 61%] Built target frame_transforms
[ 66%] [32mBuilding CXX object CMakeFiles/offboard_control.dir/src/examples/offboard/offboard_control.cpp.o[0m
[01m[K/root/ros2_ws/src/px4_ros_com/src/examples/advertisers/autoencoder_output_data_advertiser.cpp:53:38:[m[K [01;31m[Kerror: [m[Kâ€˜[01m[KAutoencoderOutput[m[Kâ€™ is not a member of â€˜[01m[Kpx4_msgs::msg[m[Kâ€™; did you mean â€˜[01m[KAutoencoderOutputs[m[Kâ€™?
   53 |     rclcpp::Publisher<px4_msgs::msg::[01;31m[KAutoencoderOutput[m[K>::SharedPtr publisher_;
      |                                      [01;31m[K^~~~~~~~~~~~~~~~~[m[K
      |                                      [32m[KAutoencoderOutputs[m[K
[01m[K/root/ros2_ws/src/px4_ros_com/src/examples/advertisers/autoencoder_output_data_advertiser.cpp:53:38:[m[K [01;31m[Kerror: [m[Kâ€˜[01m[KAutoencoderOutput[m[Kâ€™ is not a member of â€˜[01m[Kpx4_msgs::msg[m[Kâ€™; did you mean â€˜[01m[KAutoencoderOutputs[m[Kâ€™?
   53 |     rclcpp::Publisher<px4_msgs::msg::[01;31m[KAutoencoderOutput[m[K>::SharedPtr publisher_;
      |                                      [01;31m[K^~~~~~~~~~~~~~~~~[m[K
      |                                      [32m[KAutoencoderOutputs[m[K
[01m[K/root/ros2_ws/src/px4_ros_com/src/examples/advertisers/autoencoder_output_data_advertiser.cpp:53:55:[m[K [01;31m[Kerror: [m[Ktemplate argument 1 is invalid
   53 |     rclcpp::Publisher<px4_msgs::msg::AutoencoderOutput[01;31m[K>[m[K::SharedPtr publisher_;
      |                                                       [01;31m[K^[m[K
[01m[K/root/ros2_ws/src/px4_ros_com/src/examples/advertisers/autoencoder_output_data_advertiser.cpp:53:58:[m[K [01;31m[Kerror: [m[Kexpected â€˜[01m[K;[m[Kâ€™ at end of member declaration
   53 |     rclcpp::Publisher<px4_msgs::msg::AutoencoderOutput>::[01;31m[KSharedPtr[m[K publisher_;
      |                                                          [01;31m[K^~~~~~~~~[m[K
      |                                                                   [32m[K;[m[K
[01m[K/root/ros2_ws/src/px4_ros_com/src/examples/advertisers/autoencoder_output_data_advertiser.cpp:53:68:[m[K [01;31m[Kerror: [m[Kâ€˜[01m[Kpublisher_[m[Kâ€™ does not name a type; did you mean â€˜[01m[Krcl_publisher_t[m[Kâ€™?
   53 |     rclcpp::Publisher<px4_msgs::msg::AutoencoderOutput>::SharedPtr [01;31m[Kpublisher_[m[K;
      |                                                                    [01;31m[K^~~~~~~~~~[m[K
      |                                                                    [32m[Krcl_publisher_t[m[K
[01m[K/root/ros2_ws/src/px4_ros_com/src/examples/advertisers/autoencoder_output_data_advertiser.cpp:[m[K In constructor â€˜[01m[KAutoencoderOutputDataAdvertiser::AutoencoderOutputDataAdvertiser()[m[Kâ€™:
[01m[K/root/ros2_ws/src/px4_ros_com/src/examples/advertisers/autoencoder_output_data_advertiser.cpp:15:9:[m[K [01;31m[Kerror: [m[Kâ€˜[01m[Kpublisher_[m[Kâ€™ was not declared in this scope; did you mean â€˜[01m[Krcl_publisher_t[m[Kâ€™?
   15 |         [01;31m[Kpublisher_[m[K = this->create_publisher<px4_msgs::msg::AutoencoderOutputs>(
      |         [01;31m[K^~~~~~~~~~[m[K
      |         [32m[Krcl_publisher_t[m[K
[01m[K/root/ros2_ws/src/px4_ros_com/src/examples/advertisers/autoencoder_output_data_advertiser.cpp:[m[K In member function â€˜[01m[Kvoid AutoencoderOutputDataAdvertiser::callback(std_msgs::msg::Float64_<std::allocator<void> >::SharedPtr)[m[Kâ€™:
[01m[K/root/ros2_ws/src/px4_ros_com/src/examples/advertisers/autoencoder_output_data_advertiser.cpp:30:33:[m[K [01;31m[Kerror: [m[Krequest for member â€˜[01m[Ksize[m[Kâ€™ in â€˜[01m[K((const std::__shared_ptr_access<std_msgs::msg::Float64_<std::allocator<void> >, __gnu_cxx::_S_atomic, false, false>*)(& msg))->std::__shared_ptr_access<std_msgs::msg::Float64_<std::allocator<void> >, __gnu_cxx::_S_atomic, false, false>::operator->()->std_msgs::msg::Float64_<std::allocator<void> >::data[m[Kâ€™, which is of non-class type â€˜[01m[Kstd_msgs::msg::Float64_<std::allocator<void> >::_data_type[m[Kâ€™ {aka â€˜[01m[Kdouble[m[Kâ€™}
   30 |         size_t size = msg->data.[01;31m[Ksize[m[K();
      |                                 [01;31m[K^~~~[m[K
[01m[K/root/ros2_ws/src/px4_ros_com/src/examples/advertisers/autoencoder_output_data_advertiser.cpp:37:35:[m[K [01;31m[Kerror: [m[Kinvalid types â€˜[01m[Kstd_msgs::msg::Float64_<std::allocator<void> >::_data_type {aka double}[size_t {aka long unsigned int}][m[Kâ€™ for array subscript
   37 |                 x[i] = msg->data[i[01;31m[K][m[K;
      |                                   [01;31m[K^[m[K
[01m[K/root/ros2_ws/src/px4_ros_com/src/examples/advertisers/autoencoder_output_data_advertiser.cpp:38:44:[m[K [01;31m[Kerror: [m[Kinvalid types â€˜[01m[Kstd_msgs::msg::Float64_<std::allocator<void> >::_data_type {aka double}[size_t {aka long unsigned int}][m[Kâ€™ for array subscript
   38 |                 x_hat[i] = msg->data[i + 12[01;31m[K][m[K;
      |                                            [01;31m[K^[m[K
[01m[K/root/ros2_ws/src/px4_ros_com/src/examples/advertisers/autoencoder_output_data_advertiser.cpp:47:29:[m[K [01;31m[Kerror: [m[Kno match for â€˜[01m[Koperator=[m[Kâ€™ (operand types are â€˜[01m[Kpx4_msgs::msg::AutoencoderOutputs_<std::allocator<void> >::_x_type[m[Kâ€™ {aka â€˜[01m[Kstd::array<float, 12>[m[Kâ€™} and â€˜[01m[Kstd::vector<double, std::allocator<double> >[m[Kâ€™)
   47 |         autoencoder_msg.x = [01;31m[Kx[m[K;
      |                             [01;31m[K^[m[K
In file included from [01m[K/usr/include/c++/9/tuple:39[m[K,
                 from [01m[K/usr/include/c++/9/bits/unique_ptr.h:37[m[K,
                 from [01m[K/usr/include/c++/9/memory:80[m[K,
                 from [01m[K/opt/ros/foxy/include/rclcpp/rclcpp.hpp:144[m[K,
                 from [01m[K/root/ros2_ws/src/px4_ros_com/src/examples/advertisers/autoencoder_output_data_advertiser.cpp:1[m[K:
[01m[K/usr/include/c++/9/array:94:12:[m[K [01;36m[Knote: [m[Kcandidate: â€˜[01m[Kconstexpr std::array<float, 12>& std::array<float, 12>::operator=(const std::array<float, 12>&)[m[Kâ€™
   94 |     struct [01;36m[Karray[m[K
      |            [01;36m[K^~~~~[m[K
[01m[K/usr/include/c++/9/array:94:12:[m[K [01;36m[Knote: [m[K  no known conversion for argument 1 from â€˜[01m[Kstd::vector<double, std::allocator<double> >[m[Kâ€™ to â€˜[01m[Kconst std::array<float, 12>&[m[Kâ€™
[01m[K/usr/include/c++/9/array:94:12:[m[K [01;36m[Knote: [m[Kcandidate: â€˜[01m[Kconstexpr std::array<float, 12>& std::array<float, 12>::operator=(std::array<float, 12>&&)[m[Kâ€™
[01m[K/usr/include/c++/9/array:94:12:[m[K [01;36m[Knote: [m[K  no known conversion for argument 1 from â€˜[01m[Kstd::vector<double, std::allocator<double> >[m[Kâ€™ to â€˜[01m[Kstd::array<float, 12>&&[m[Kâ€™
[01m[K/root/ros2_ws/src/px4_ros_com/src/examples/advertisers/autoencoder_output_data_advertiser.cpp:48:33:[m[K [01;31m[Kerror: [m[Kno match for â€˜[01m[Koperator=[m[Kâ€™ (operand types are â€˜[01m[Kpx4_msgs::msg::AutoencoderOutputs_<std::allocator<void> >::_x_hat_type[m[Kâ€™ {aka â€˜[01m[Kstd::array<float, 12>[m[Kâ€™} and â€˜[01m[Kstd::vector<double, std::allocator<double> >[m[Kâ€™)
   48 |         autoencoder_msg.x_hat = [01;31m[Kx_hat[m[K;
      |                                 [01;31m[K^~~~~[m[K
In file included from [01m[K/usr/include/c++/9/tuple:39[m[K,
                 from [01m[K/usr/include/c++/9/bits/unique_ptr.h:37[m[K,
                 from [01m[K/usr/include/c++/9/memory:80[m[K,
                 from [01m[K/opt/ros/foxy/include/rclcpp/rclcpp.hpp:144[m[K,
                 from [01m[K/root/ros2_ws/src/px4_ros_com/src/examples/advertisers/autoencoder_output_data_advertiser.cpp:1[m[K:
[01m[K/usr/include/c++/9/array:94:12:[m[K [01;36m[Knote: [m[Kcandidate: â€˜[01m[Kconstexpr std::array<float, 12>& std::array<float, 12>::operator=(const std::array<float, 12>&)[m[Kâ€™
   94 |     struct [01;36m[Karray[m[K
      |            [01;36m[K^~~~~[m[K
[01m[K/usr/include/c++/9/array:94:12:[m[K [01;36m[Knote: [m[K  no known conversion for argument 1 from â€˜[01m[Kstd::vector<double, std::allocator<double> >[m[Kâ€™ to â€˜[01m[Kconst std::array<float, 12>&[m[Kâ€™
[01m[K/usr/include/c++/9/array:94:12:[m[K [01;36m[Knote: [m[Kcandidate: â€˜[01m[Kconstexpr std::array<float, 12>& std::array<float, 12>::operator=(std::array<float, 12>&&)[m[Kâ€™
[01m[K/usr/include/c++/9/array:94:12:[m[K [01;36m[Knote: [m[K  no known conversion for argument 1 from â€˜[01m[Kstd::vector<double, std::allocator<double> >[m[Kâ€™ to â€˜[01m[Kstd::array<float, 12>&&[m[Kâ€™
[01m[K/root/ros2_ws/src/px4_ros_com/src/examples/advertisers/autoencoder_output_data_advertiser.cpp:49:9:[m[K [01;31m[Kerror: [m[Kâ€˜[01m[Kpublisher_[m[Kâ€™ was not declared in this scope; did you mean â€˜[01m[Krcl_publisher_t[m[Kâ€™?
   49 |         [01;31m[Kpublisher_[m[K->publish(autoencoder_msg);
      |         [01;31m[K^~~~~~~~~~[m[K
      |         [32m[Krcl_publisher_t[m[K
make[2]: *** [CMakeFiles/autoencoder_output_data_advertiser.dir/build.make:76: CMakeFiles/autoencoder_output_data_advertiser.dir/src/examples/advertisers/autoencoder_output_data_advertiser.cpp.o] Error 1
make[1]: *** [CMakeFiles/Makefile2:309: CMakeFiles/autoencoder_output_data_advertiser.dir/all] Error 2
make[1]: *** Waiting for unfinished jobs....
[ 72%] [32m[1mLinking CXX executable offboard_control[0m
[ 72%] Built target offboard_control
[ 77%] [32m[1mLinking CXX executable autoencoder_input_data_advertiser[0m
[ 83%] [32m[1mLinking CXX executable failuire_detector[0m
[ 83%] Built target autoencoder_input_data_advertiser
[ 83%] Built target failuire_detector
make: *** [Makefile:146: all] Error 2
